<?xml version="1.0" encoding="UTF-8"?>
<!-- Generated by org.testng.reporters.JUnitXMLReporter -->
<testsuite ignored="0" hostname="Tittu" failures="0" tests="1" name="mastersuite" time="0.068" errors="0" timestamp="2024-11-16T08:48:20 PST">
  <testcase classname="TestBase.BaseTest" name="@BeforeClass setup" time="-1.731775700346E9">
    <failure type="org.testng.TestNGException" message="
Parameter &amp;apos;os&amp;apos; is required by BeforeClass on method setup but has not been marked @Optional or defined
in C:\Users\himab\eclipse-workspace\selenium\master.xml">
      <![CDATA[org.testng.TestNGException: 
Parameter 'os' is required by BeforeClass on method setup but has not been marked @Optional or defined
in C:\Users\himab\eclipse-workspace\selenium\master.xml
at java.base/java.util.ArrayList.forEach(ArrayList.java:1597)
... Removed 22 stack frames]]>
    </failure>
  </testcase> <!-- @BeforeClass setup -->
  <testcase classname="TestBase.BaseTest" name="@AfterClass teardown" time="0.0">
    <skipped/>
  </testcase> <!-- @AfterClass teardown -->
  <testcase classname="Testcases.LoginTest" name="user_login" time="0.0">
    <skipped/>
  </testcase> <!-- user_login -->
</testsuite> <!-- mastersuite -->
